

2023-04-24 21:03  使用52最新汉化包(1.12.12)更新适配 1.12.12

2023-03-17 21:20  使用52最新汉化包(1.12.11)更新适配 1.12.11

2023-02-21 04:10 使用52最新汉化包(1.12.10)更新适配 1.12.10

2023-01-22 21:19 使用52最新汉化包(1.12.8)更新适配 1.12.8

2023-01-02 14:25 使用52最新汉化包(1.12.7)更新适配 1.12.7

2022-10-16 20:33 使用52最新汉化包(1.12.3)更新适配 1.12.3

2022-09-03 21:32 使用52最新汉化包(1.11.12 ) 更新适配 1.11.12~1.11.13

2021-12-27 02:03 使用52最新汉化包(1.11.4 211217版) 更新适配1.11.4

2021-12-03 00:35 使用52最新汉化包(1.11.3 211201版) 更新适配1.11.3

2021-08-19 19:36 使用52最新210213版汉化 包更新适配1.10.8

2021-01-06 20:19 修正描述文件中name属性

2020-12-27 17:58 使用52最新201213版汉化包更新适配

2020-11-21 03:48 使用52最新201119汉化包更新适配1.10.2

2020-08-06 12:44 使用52最新0514汉化包更新适配1.9.2/1.9.3版本(1.9.3版本汉化包未正式出)

2020-04-15 23:06 使用52最新汉化包更新适配1.9.1版本

2020-01-10 17:45 使用52最新汉化包更新适配1.8.1版本

2019-06-06 21:53 使用52最新汉化包更新适配1.7.0版本

2019-04-09 00:48 使用52最新汉化包更新适配1.6.2版本

2019-03-19 14:55 使用52最新汉化包更新适配1.6.1版本

2018-09-22 20:48 使用52汉化更新适配1.5.3版本

2018-04-09 14:26 更新底层汉化包为52汉化

2018-04-08 15:31 使用52汉化更新适配1.5.1版本

2017-11-08 00:05 使用52汉化更新适配1.4.2版本

2017-08-28 17:56 修正中华民国第1舰队名称

2017-08-28 17:52 调整部队国名

2017-08-27 14:42 调整部队军队名称

2017-08-26 16:00 添加军队名称汉化文件

2017-08-24 21:05 适配1.4.1版本

2017-06-22 22:57 适配1.4.0版本

2016-04-02 12:35 适配1.3.3版本

2016-12-28 07:40 适配1.3.1版本

2016-10-04 20:47	适配1.2.1版本	

2016-09-19 11:33	1.将主要汉化文件更新为52的1.2版汉化包
					2.参考史实汉化包修改部分国家名称
					3.暂时移除陆空军装备汉化文件
					4.将focus、countries、core、alerts文件中出现的"国策"修改为"焦点"
					
2016-09-19 09:18		删除resource中的字库关系图片简化项目
2016-09-18 22:05		为state_names.yml文件添加并汉化两新增内容:
						STATE_741:0 "柬埔寨"
 						STATE_742:0 "斯大林纳巴德"
 						
2016-09-18 21:50		countries_l_english.yml添加新增内容并进行部分汉化
2016-09-18 11:20		equipment_l_english.yml文件添加新境内容:ARCHETYPE_DESC_ENTRY
2016-09-18 11:03 	为deployment_l_english.yml文件添加新增内容并汉化
					即部队训练布置界面相关
2016-09-18 10:12		为frontend_l_english.yml文件中添加1.2版本的新内容汉化
					即各主要国家AI选项

2016-09-18 09:33		更新适配游戏版本号为1.2

2016-07-21 22:55				将overwhelming_firepower译文改为"压倒性火力"

2016-07-03 03:15		
					1. 更新52汉化组的 v1.1.0 简体中文汉化包第一版
					2. 把原52汉化包中汉化yml文件从replace目录中移动到localisation目录
						并把所有yml文件重命名(去除"r_")
					3. 添加hoi_36header用于部分标题显示为楷体
					4. 添加六花团长伊卡酱的国家汉化补丁7.1更新版
					5. 将以下:
						focus_l_english.yml
						alerts_l_english.yml
						core_l_english.yml
						文件中所有"国策"改成"焦点"
					6. 添加陆军和空军单位汉化第五版

2016-07-02 17:00    更新六花团长伊卡酱的国家汉化补丁7.1更新版

2016-06-21 21:50		更新支持1.1.0

2016-06-21 10:35		更新六花团长伊卡酱的国家汉化补丁2.2

2016-06-20 10:27		添加帖吧吧友 六花团长伊卡酱的国家汉化补丁

2016-06-19 01:46		
				1.	添加hoi_36header用于部分标题显示为楷体
				2.	将core_l_english.yml文件中
					"FOCUS_TREE_VIEW_HEADER:0 "$COUNTRY$ 国策树"更改为"焦点树"，并去掉空格

2016-06-18 21:43		更新基础汉化Mod为52汉化Mod

2016-06-18 07:22		调整hoi4_typewriter16字库，使用52论坛的字库

2016-06-17 21:02		Mod定型
